<?xml version="1.0" encoding="UTF-8"?>
<!-- Generated by org.testng.reporters.JUnitXMLReporter -->
<testsuite hostname="IT3ANCVR" failures="0" tests="15" name="Configuration" time="33.174" errors="0" timestamp="26 Jul 2020 10:21:38 GMT">
  <testcase classname="Configuration.ConfigurationErrorTest" name="RequestWithoutMsisdn" time="5.586"/>
  <testcase classname="Configuration.ConfigurationErrorTest" name="RequestWithoutToken" time="1.135"/>
  <testcase classname="Configuration.ConfigurationErrorTest" name="RequestWrongURL" time="0.963"/>
  <testcase classname="Configuration.ConfigurationErrorTest" name="PostRequest" time="1.023"/>
  <testcase classname="Configuration.ConfigurationErrorTest" name="badRequest" time="0.885"/>
  <testcase classname="Configuration.ConfigurationErrorTest" name="missningQRequest" time="0.973"/>
  <testcase classname="Configuration.ConfigurationErrorTest" name="RequestWithDifferentMSISDN" time="0.915"/>
  <testcase classname="Configuration.ConfigurationTest" name="AndroidRedRequest" time="5.082"/>
  <testcase classname="Configuration.ConfigurationTest" name="AndroidFlexRequest" time="4.542"/>
  <testcase classname="Configuration.ConfigurationTest" name="AndroidPostpaidRequest" time="1.086"/>
  <testcase classname="Configuration.ConfigurationTest" name="AndroidPrepaidRequest" time="1.163"/>
  <testcase classname="Configuration.ConfigurationTest" name="IOSRedRequest" time="5.171"/>
  <testcase classname="Configuration.ConfigurationTest" name="IOSFlexRequest" time="0.578"/>
  <testcase classname="Configuration.ConfigurationTest" name="IOSPostpaidRequest" time="1.822"/>
  <testcase classname="Configuration.ConfigurationTest" name="IOSPrepaidRequest" time="1.063"/>
</testsuite> <!-- Configuration -->
