<?xml version="1.0" encoding="UTF-8"?>
<!-- Generated by org.testng.reporters.JUnitXMLReporter -->
<testsuite hostname="ITKSHC8R" name="Consumption" tests="7" failures="0" timestamp="22 Jul 2020 14:22:14 GMT" time="30.478" errors="0">
  <testcase name="ExtremeProduct" time="0.334" classname="ProductInventory.MI_Test"/>
  <testcase name="ContentProduct" time="0.251" classname="ProductInventory.MI_Test"/>
  <testcase name="Stop_internetProduct" time="0.085" classname="ProductInventory.MI_Test"/>
  <testcase name="AddonProduct" time="0.166" classname="ProductInventory.MI_Test"/>
  <testcase name="UnsubscribedProduct" time="0.099" classname="ProductInventory.MI_Test"/>
  <testcase name="Supper_passProduct" time="0.142" classname="ProductInventory.MI_Test"/>
  <testcase name="NoProduct" time="0.035" classname="ProductInventory.MI_Test"/>
</testsuite> <!-- Consumption -->
