<?xml version="1.0" encoding="UTF-8"?>
<!-- Generated by org.testng.reporters.JUnitXMLReporter -->
<testsuite hostname="IT1CMKR" name="FlexCoins" tests="4" failures="0" timestamp="28 Jul 2020 19:02:09 GMT" time="30.478" errors="0">
  <testcase name="FlexCoinsHasValue" time="0.093" classname="FlexCoins.FlexLoyaltyTest"/>
  <testcase name="FlexCoinsAreZero" time="0.091" classname="FlexCoins.FlexLoyaltyTest"/>
  <testcase name="NotEligibleForFlexCoins" time="0.023" classname="FlexCoins.FlexLoyaltyTest"/>
  <testcase name="NonFlexNumber" time="0.031" classname="FlexCoins.FlexLoyaltyTest"/>
</testsuite> <!-- FlexCoins -->
