<?xml version="1.0" encoding="UTF-8"?>
<!-- Generated by org.testng.reporters.JUnitXMLReporter -->
<testsuite hostname="IT1CMKR" name="Flex_Coins" tests="4" failures="0" timestamp="10 Jun 2020 11:01:26 GMT" time="7.566" errors="0">
  <testcase name="FlexCoinsHasValue" time="0.073" classname="FlexCoins.FlexLoyaltyTest"/>
  <testcase name="FlexCoinsAreZero" time="0.037" classname="FlexCoins.FlexLoyaltyTest"/>
  <testcase name="NotEligibleForFlexCoins" time="0.04" classname="FlexCoins.FlexLoyaltyTest"/>
  <testcase name="NonFlexNumber" time="0.032" classname="FlexCoins.FlexLoyaltyTest"/>
</testsuite> <!-- Flex_Coins -->
