<?xml version="1.0" encoding="UTF-8"?>
<!-- Generated by org.testng.reporters.JUnitXMLReporter -->
<testsuite hostname="DESKTOP-1KRHALU" failures="0" tests="14" name="MI" time="2.898" errors="0" timestamp="3 Aug 2020 21:13:11 GMT">
  <testcase classname="ProductInventory.MI_Test_AR" name="@BeforeMethod StartTestCase" time="0.0">
    <failure type="java.lang.NoClassDefFoundError" message="groovy/lang/GroovyObject">
      <![CDATA[java.lang.NoClassDefFoundError: groovy/lang/GroovyObject
	at java.base/java.lang.ClassLoader.defineClass1(Native Method)
	at java.base/java.lang.ClassLoader.defineClass(ClassLoader.java:1009)
	at java.base/java.security.SecureClassLoader.defineClass(SecureClassLoader.java:174)
	at java.base/jdk.internal.loader.BuiltinClassLoader.defineClass(BuiltinClassLoader.java:801)
	at java.base/jdk.internal.loader.BuiltinClassLoader.findClassOnClassPathOrNull(BuiltinClassLoader.java:699)
	at java.base/jdk.internal.loader.BuiltinClassLoader.loadClassOrNull(BuiltinClassLoader.java:622)
	at java.base/jdk.internal.loader.BuiltinClassLoader.loadClass(BuiltinClassLoader.java:580)
	at java.base/jdk.internal.loader.ClassLoaders$AppClassLoader.loadClass(ClassLoaders.java:190)
	at java.base/java.lang.ClassLoader.loadClass(ClassLoader.java:499)
	at io.restassured.RestAssured.<clinit>(RestAssured.java:347)
	at Utilities.Auth.authRequest(Auth.java:17)
	at Utilities.Auth.getToken(Auth.java:35)
	at ProductInventory.ProductEndPoints.MIArabicRequest(ProductEndPoints.java:96)
	at ProductInventory.MI_Test_AR.StartTestCase(MI_Test_AR.java:39)
Caused by: java.lang.ClassNotFoundException: groovy.lang.GroovyObject
	at java.base/jdk.internal.loader.BuiltinClassLoader.loadClass(BuiltinClassLoader.java:582)
	at java.base/jdk.internal.loader.ClassLoaders$AppClassLoader.loadClass(ClassLoaders.java:190)
	at java.base/java.lang.ClassLoader.loadClass(ClassLoader.java:499)
	... 40 more
... Removed 26 stack frames]]>
    </failure>
  </testcase> <!-- @BeforeMethod StartTestCase -->
  <testcase classname="ProductInventory.MI_Test_AR" name="@AfterMethod EndReportTestCase" time="0.0">
    <skipped/>
  </testcase> <!-- @AfterMethod EndReportTestCase -->
  <testcase classname="ProductInventory.MI_Test_AR" name="@BeforeMethod StartTestCase" time="0.0">
    <skipped/>
  </testcase> <!-- @BeforeMethod StartTestCase -->
  <testcase classname="ProductInventory.MI_Test_AR" name="@AfterMethod EndReportTestCase" time="0.0">
    <skipped/>
  </testcase> <!-- @AfterMethod EndReportTestCase -->
  <testcase classname="ProductInventory.MI_Test_AR" name="@BeforeMethod StartTestCase" time="0.0">
    <skipped/>
  </testcase> <!-- @BeforeMethod StartTestCase -->
  <testcase classname="ProductInventory.MI_Test_AR" name="@AfterMethod EndReportTestCase" time="0.0">
    <skipped/>
  </testcase> <!-- @AfterMethod EndReportTestCase -->
  <testcase classname="ProductInventory.MI_Test_AR" name="@BeforeMethod StartTestCase" time="0.0">
    <skipped/>
  </testcase> <!-- @BeforeMethod StartTestCase -->
  <testcase classname="ProductInventory.MI_Test_AR" name="@AfterMethod EndReportTestCase" time="0.0">
    <skipped/>
  </testcase> <!-- @AfterMethod EndReportTestCase -->
  <testcase classname="ProductInventory.MI_Test_AR" name="@BeforeMethod StartTestCase" time="0.0">
    <skipped/>
  </testcase> <!-- @BeforeMethod StartTestCase -->
  <testcase classname="ProductInventory.MI_Test_AR" name="@AfterMethod EndReportTestCase" time="0.0">
    <skipped/>
  </testcase> <!-- @AfterMethod EndReportTestCase -->
  <testcase classname="ProductInventory.MI_Test_AR" name="@BeforeMethod StartTestCase" time="0.0">
    <skipped/>
  </testcase> <!-- @BeforeMethod StartTestCase -->
  <testcase classname="ProductInventory.MI_Test_AR" name="@AfterMethod EndReportTestCase" time="0.0">
    <skipped/>
  </testcase> <!-- @AfterMethod EndReportTestCase -->
  <testcase classname="ProductInventory.MI_Test_AR" name="@BeforeMethod StartTestCase" time="0.0">
    <skipped/>
  </testcase> <!-- @BeforeMethod StartTestCase -->
  <testcase classname="ProductInventory.MI_Test_AR" name="@AfterMethod EndReportTestCase" time="0.0">
    <skipped/>
  </testcase> <!-- @AfterMethod EndReportTestCase -->
  <testcase classname="ProductInventory.MI_Test" name="@BeforeMethod StartTestCase" time="0.0">
    <failure type="java.lang.NoClassDefFoundError" message="Could not initialize class io.restassured.RestAssured">
      <![CDATA[java.lang.NoClassDefFoundError: Could not initialize class io.restassured.RestAssured
	at Utilities.Auth.authRequest(Auth.java:17)
	at Utilities.Auth.getToken(Auth.java:35)
	at ProductInventory.ProductEndPoints.MIRequest(ProductEndPoints.java:70)
	at ProductInventory.MI_Test.StartTestCase(MI_Test.java:39)
... Removed 26 stack frames]]>
    </failure>
  </testcase> <!-- @BeforeMethod StartTestCase -->
  <testcase classname="ProductInventory.MI_Test" name="@AfterMethod EndReportTestCase" time="0.0">
    <skipped/>
  </testcase> <!-- @AfterMethod EndReportTestCase -->
  <testcase classname="ProductInventory.MI_Test" name="@BeforeMethod StartTestCase" time="0.0">
    <skipped/>
  </testcase> <!-- @BeforeMethod StartTestCase -->
  <testcase classname="ProductInventory.MI_Test" name="@AfterMethod EndReportTestCase" time="0.0">
    <skipped/>
  </testcase> <!-- @AfterMethod EndReportTestCase -->
  <testcase classname="ProductInventory.MI_Test" name="@BeforeMethod StartTestCase" time="0.0">
    <skipped/>
  </testcase> <!-- @BeforeMethod StartTestCase -->
  <testcase classname="ProductInventory.MI_Test" name="@AfterMethod EndReportTestCase" time="0.0">
    <skipped/>
  </testcase> <!-- @AfterMethod EndReportTestCase -->
  <testcase classname="ProductInventory.MI_Test" name="@BeforeMethod StartTestCase" time="0.0">
    <skipped/>
  </testcase> <!-- @BeforeMethod StartTestCase -->
  <testcase classname="ProductInventory.MI_Test" name="@AfterMethod EndReportTestCase" time="0.0">
    <skipped/>
  </testcase> <!-- @AfterMethod EndReportTestCase -->
  <testcase classname="ProductInventory.MI_Test" name="@BeforeMethod StartTestCase" time="0.0">
    <skipped/>
  </testcase> <!-- @BeforeMethod StartTestCase -->
  <testcase classname="ProductInventory.MI_Test" name="@AfterMethod EndReportTestCase" time="0.0">
    <skipped/>
  </testcase> <!-- @AfterMethod EndReportTestCase -->
  <testcase classname="ProductInventory.MI_Test" name="@BeforeMethod StartTestCase" time="0.0">
    <skipped/>
  </testcase> <!-- @BeforeMethod StartTestCase -->
  <testcase classname="ProductInventory.MI_Test" name="@AfterMethod EndReportTestCase" time="0.0">
    <skipped/>
  </testcase> <!-- @AfterMethod EndReportTestCase -->
  <testcase classname="ProductInventory.MI_Test" name="@BeforeMethod StartTestCase" time="0.0">
    <skipped/>
  </testcase> <!-- @BeforeMethod StartTestCase -->
  <testcase classname="ProductInventory.MI_Test" name="@AfterMethod EndReportTestCase" time="0.0">
    <skipped/>
  </testcase> <!-- @AfterMethod EndReportTestCase -->
  <testcase classname="ProductInventory.MI_Test_AR" name="ExtremeProduct" time="0.006">
    <skipped/>
  </testcase> <!-- ExtremeProduct -->
  <testcase classname="ProductInventory.MI_Test_AR" name="ContentProduct" time="0.003">
    <skipped/>
  </testcase> <!-- ContentProduct -->
  <testcase classname="ProductInventory.MI_Test_AR" name="Stop_internetProduct" time="0.004">
    <skipped/>
  </testcase> <!-- Stop_internetProduct -->
  <testcase classname="ProductInventory.MI_Test_AR" name="AddonProduct" time="0.004">
    <skipped/>
  </testcase> <!-- AddonProduct -->
  <testcase classname="ProductInventory.MI_Test_AR" name="UnsubscribedProduct" time="0.02">
    <skipped/>
  </testcase> <!-- UnsubscribedProduct -->
  <testcase classname="ProductInventory.MI_Test_AR" name="Supper_passProduct" time="0.006">
    <skipped/>
  </testcase> <!-- Supper_passProduct -->
  <testcase classname="ProductInventory.MI_Test_AR" name="NoProduct" time="0.005">
    <skipped/>
  </testcase> <!-- NoProduct -->
  <testcase classname="ProductInventory.MI_Test" name="ExtremeProduct" time="0.002">
    <skipped/>
  </testcase> <!-- ExtremeProduct -->
  <testcase classname="ProductInventory.MI_Test" name="ContentProduct" time="0.001">
    <skipped/>
  </testcase> <!-- ContentProduct -->
  <testcase classname="ProductInventory.MI_Test" name="Stop_internetProduct" time="0.002">
    <skipped/>
  </testcase> <!-- Stop_internetProduct -->
  <testcase classname="ProductInventory.MI_Test" name="AddonProduct" time="0.025">
    <skipped/>
  </testcase> <!-- AddonProduct -->
  <testcase classname="ProductInventory.MI_Test" name="UnsubscribedProduct" time="0.001">
    <skipped/>
  </testcase> <!-- UnsubscribedProduct -->
  <testcase classname="ProductInventory.MI_Test" name="Supper_passProduct" time="0.001">
    <skipped/>
  </testcase> <!-- Supper_passProduct -->
  <testcase classname="ProductInventory.MI_Test" name="NoProduct" time="0.001">
    <skipped/>
  </testcase> <!-- NoProduct -->
</testsuite> <!-- MI -->
